Build started 26.03.2018 18:10:44.
     1>Project "C:\Users\TEMEL\Documents\Visual Studio 2012\Projects\OpenGL-Game-Engine-Demo\OpenGL\OpenGL.vcxproj" on node 2 (Build target(s)).
       Project file contains ToolsVersion="15.0". This toolset may be unknown or missing, in which case you may be able to resolve this by installing the appropriate version of MSBuild, or the build may have been forced to a particular ToolsVersion for policy reasons. Treating the project as if it had ToolsVersion="4.0". For more information, please see http://go.microsoft.com/fwlink/?LinkId=291333.
     1>ClCompile:
         C:\Program Files (x86)\Microsoft Visual Studio 11.0\VC\bin\CL.exe /c /ZI /nologo /W3 /WX- /Od /Oy- /D _MBCS /Gm /EHsc /RTC1 /MD /GS /fp:precise /Zc:wchar_t /Zc:forScope /Fo"Debug\\" /Fd"Debug\vc110.pdb" /Gd /TP /analyze- /errorReport:prompt Camera.cpp main.cpp
         main.cpp
     1>c:\users\temel\documents\visual studio 2012\projects\opengl-game-engine-demo\opengl\camera.h(75): warning C4520: 'Camera' : multiple default constructors specified
     1>c:\users\temel\documents\visual studio 2012\projects\opengl-game-engine-demo\opengl\main.cpp(26): error C2668: 'Camera::Camera' : ambiguous call to overloaded function
                 c:\users\temel\documents\visual studio 2012\projects\opengl-game-engine-demo\opengl\camera.h(39): could be 'Camera::Camera(glm::vec3,glm::vec3,float,float)'
                 c:\users\temel\documents\visual studio 2012\projects\opengl-game-engine-demo\opengl\camera.h(35): or       'Camera::Camera(void)'
                 while trying to match the argument list '(void)'
     1>c:\users\temel\documents\visual studio 2012\projects\opengl-game-engine-demo\opengl\main.cpp(40): error C3867: 'Event::KeyCallback': function call missing argument list; use '&Event::KeyCallback' to create a pointer to member
     1>c:\users\temel\documents\visual studio 2012\projects\opengl-game-engine-demo\opengl\main.cpp(41): error C3867: 'Event::MouseCallback': function call missing argument list; use '&Event::MouseCallback' to create a pointer to member
     1>c:\users\temel\documents\visual studio 2012\projects\opengl-game-engine-demo\opengl\main.cpp(42): error C3867: 'Event::ScrollCallback': function call missing argument list; use '&Event::ScrollCallback' to create a pointer to member
     1>c:\users\temel\documents\visual studio 2012\projects\opengl-game-engine-demo\opengl\main.cpp(98): warning C4244: 'initializing' : conversion from 'double' to 'float', possible loss of data
         Camera.cpp
     1>c:\users\temel\documents\visual studio 2012\projects\opengl-game-engine-demo\opengl\camera.h(75): warning C4520: 'Camera' : multiple default constructors specified
     1>c:\users\temel\documents\visual studio 2012\projects\opengl-game-engine-demo\opengl\camera.cpp(62): warning C4244: '=' : conversion from 'double' to 'float', possible loss of data
     1>c:\users\temel\documents\visual studio 2012\projects\opengl-game-engine-demo\opengl\camera.cpp(64): warning C4244: '=' : conversion from 'double' to 'float', possible loss of data
     1>c:\users\temel\documents\visual studio 2012\projects\opengl-game-engine-demo\opengl\camera.cpp(78): error C2572: 'Camera::Camera' : redefinition of default parameter : parameter 4
                 c:\users\temel\documents\visual studio 2012\projects\opengl-game-engine-demo\opengl\camera.h(39) : see declaration of 'Camera::Camera'
     1>c:\users\temel\documents\visual studio 2012\projects\opengl-game-engine-demo\opengl\camera.cpp(78): error C2572: 'Camera::Camera' : redefinition of default parameter : parameter 3
                 c:\users\temel\documents\visual studio 2012\projects\opengl-game-engine-demo\opengl\camera.h(39) : see declaration of 'Camera::Camera'
     1>c:\users\temel\documents\visual studio 2012\projects\opengl-game-engine-demo\opengl\camera.cpp(116): error C2572: 'Camera::ProcessMouseMovement' : redefinition of default parameter : parameter 3
                 c:\users\temel\documents\visual studio 2012\projects\opengl-game-engine-demo\opengl\camera.h(42) : see declaration of 'Camera::ProcessMouseMovement'
         Generating Code...
     1>Done Building Project "C:\Users\TEMEL\Documents\Visual Studio 2012\Projects\OpenGL-Game-Engine-Demo\OpenGL\OpenGL.vcxproj" (Build target(s)) -- FAILED.

Build FAILED.

Time Elapsed 00:00:06.56
